<?xml version="1.0" encoding="UTF-8"?>
<testsuite xmlns:xsi="http://www.w3.org/2001/XMLSchema-instance" xsi:noNamespaceSchemaLocation="https://maven.apache.org/surefire/maven-surefire-plugin/xsd/surefire-test-report-3.0.xsd" version="3.0" name="com.wl39.portfolio.PortfolioApplicationTests" time="3.022" tests="1" errors="0" skipped="0" failures="0">
  <properties>
[...]
</properties>
  <testcase name="contextLoads" classname="com.wl39.portfolio.PortfolioApplicationTests" time="0.313">
    <system-out><![CDATA[22:22:57.987 [main] INFO org.springframework.test.context.support.AnnotationConfigContextLoaderUtils -- Could not detect default configuration classes for test class [com.wl39.portfolio.PortfolioApplicationTests]: PortfolioApplicationTests does not declare any static, non-private, non-final, nested classes annotated with @Configuration.
22:22:58.021 [main] INFO org.springframework.boot.test.context.SpringBootTestContextBootstrapper -- Found @SpringBootConfiguration com.wl39.portfolio.PortfolioApplication for test class com.wl39.portfolio.PortfolioApplicationTests

  .   ____          _            __ _ _
 /\\ / ___'_ __ _ _(_)_ __  __ _ \ \ \ \
( ( )\___ | '_ | '_| | '_ \/ _` | \ \ \ \
 \\/  ___)| |_)| | | | | || (_| |  ) ) ) )
  '  |____| .__|_| |_|_| |_\__, | / / / /
 =========|_|==============|___/=/_/_/_/
 :: Spring Boot ::                (v3.1.5)

2024-03-08T22:22:58.150Z  INFO 65684 --- [           main] c.w.portfolio.PortfolioApplicationTests  : Starting PortfolioApplicationTests using Java 19 with PID 65684 (started by lim in /Users/lim/Documents/Portfolio/WebPage/backend/PortfolioSpringBoot)
2024-03-08T22:22:58.150Z  INFO 65684 --- [           main] c.w.portfolio.PortfolioApplicationTests  : No active profile set, falling back to 1 default profile: "default"
2024-03-08T22:22:58.374Z  INFO 65684 --- [           main] .s.d.r.c.RepositoryConfigurationDelegate : Bootstrapping Spring Data JPA repositories in DEFAULT mode.
2024-03-08T22:22:58.399Z  INFO 65684 --- [           main] .s.d.r.c.RepositoryConfigurationDelegate : Finished Spring Data repository scanning in 22 ms. Found 5 JPA repository interfaces.
2024-03-08T22:22:58.563Z  INFO 65684 --- [           main] o.hibernate.jpa.internal.util.LogHelper  : HHH000204: Processing PersistenceUnitInfo [name: default]
2024-03-08T22:22:58.594Z  INFO 65684 --- [           main] org.hibernate.Version                    : HHH000412: Hibernate ORM core version 6.2.13.Final
2024-03-08T22:22:58.595Z  INFO 65684 --- [           main] org.hibernate.cfg.Environment            : HHH000406: Using bytecode reflection optimizer
2024-03-08T22:22:58.693Z  INFO 65684 --- [           main] o.s.o.j.p.SpringPersistenceUnitInfo      : No LoadTimeWeaver setup: ignoring JPA class transformer
2024-03-08T22:22:58.701Z  INFO 65684 --- [           main] com.zaxxer.hikari.HikariDataSource       : HikariPool-1 - Starting...
2024-03-08T22:22:59.052Z  INFO 65684 --- [           main] com.zaxxer.hikari.pool.HikariPool        : HikariPool-1 - Added connection org.mariadb.jdbc.Connection@6885ed19
2024-03-08T22:22:59.065Z  INFO 65684 --- [           main] com.zaxxer.hikari.HikariDataSource       : HikariPool-1 - Start completed.
2024-03-08T22:22:59.464Z  INFO 65684 --- [           main] o.h.e.t.j.p.i.JtaPlatformInitiator       : HHH000489: No JTA platform available (set 'hibernate.transaction.jta.platform' to enable JTA platform integration)
Hibernate: 
    create table question (
        id bigint not null auto_increment,
        answer varchar(255),
        candidates varbinary(255),
        explanation varchar(255),
        generated_date datetime(6),
        hint varchar(255),
        question varchar(10000),
        target_date datetime(6),
        title varchar(255),
        type char(1),
        primary key (id)
    ) engine=InnoDB
Hibernate: 
    create table question_students_for (
        question_id bigint not null,
        students_for varchar(255)
    ) engine=InnoDB
Hibernate: 
    create table submission (
        id bigint not null auto_increment,
        student_answer varchar(255),
        student_name varchar(255),
        submit_date datetime(6),
        question_id bigint,
        primary key (id)
    ) engine=InnoDB
Hibernate: 
    alter table if exists question_students_for 
       add constraint FK8yuqs2bqmwkd39xrnmtr5ld5o 
       foreign key (question_id) 
       references question (id)
Hibernate: 
    alter table if exists submission 
       add constraint FKjskf22duewv7lid6te7nnixdq 
       foreign key (question_id) 
       references question (id)
2024-03-08T22:22:59.764Z  INFO 65684 --- [           main] j.LocalContainerEntityManagerFactoryBean : Initialized JPA EntityManagerFactory for persistence unit 'default'
2024-03-08T22:22:59.887Z  INFO 65684 --- [           main] o.s.d.j.r.query.QueryEnhancerFactory     : Hibernate is in classpath; If applicable, HQL parser will be used.
2024-03-08T22:23:00.226Z  WARN 65684 --- [           main] JpaBaseConfiguration$JpaWebConfiguration : spring.jpa.open-in-view is enabled by default. Therefore, database queries may be performed during view rendering. Explicitly configure spring.jpa.open-in-view to disable this warning
2024-03-08T22:23:00.347Z  INFO 65684 --- [           main] c.w.portfolio.PortfolioApplicationTests  : Started PortfolioApplicationTests in 2.281 seconds (process running for 2.61)
Hibernate: 
    insert 
    into
        post
        (author,generated_date,last_modified_date,paragraph,title) 
    values
        (?,?,?,?,?)
Hibernate: 
    insert 
    into
        post
        (author,generated_date,last_modified_date,paragraph,title) 
    values
        (?,?,?,?,?)
Hibernate: 
    insert 
    into
        user
        (password,username) 
    values
        (?,?)
]]></system-out>
  </testcase>
</testsuite>